<?xml version="1.0" encoding="UTF-8"?>
<!-- Generated by org.testng.reporters.JUnitXMLReporter -->
<testsuite ignored="2" hostname="DESKTOP-RL0VKOI" failures="0" tests="2" name="Default test" time="47.754" errors="0" timestamp="18 May 2021 17:43:53 GMT">
  <testcase classname="WalmartTest_Testcases.MyAccountpageTest" name="validatelogotest" time="0.13"/>
  <testcase classname="WalmartTest_Testcases.MyAccountpageTest" name="verifyshoppingbtn" time="0.065"/>
  <testcase classname="WalmartTest_Testcases.MyAccountpageTest" name="getbannertexttest" time="0.0">
    <ignored/>
  </testcase> <!-- getbannertexttest -->
  <testcase classname="WalmartTest_Testcases.MyAccountpageTest" name="validatequicklinktest" time="0.0">
    <ignored/>
  </testcase> <!-- validatequicklinktest -->
</testsuite> <!-- Default test -->
